<?xml version="1.0" encoding="UTF-8"?>
<testng-results ignored="3" total="6" passed="3" failed="0" skipped="0">
  <reporter-output>
  </reporter-output>
  <suite started-at="2023-04-11T05:49:58Z" name="Default suite" finished-at="2023-04-11T05:50:40Z" duration-ms="42059">
    <groups>
    </groups>
    <test started-at="2023-04-11T05:49:58Z" name="Default test" finished-at="2023-04-11T05:50:40Z" duration-ms="42059">
      <class name="com.crm.qa.testcases.ContactsPageTest">
        <test-method is-config="true" signature="setUp()[pri:0, instance:com.crm.qa.testcases.ContactsPageTest@2c1b194a]" started-at="2023-04-11T01:49:59Z" name="setUp" finished-at="2023-04-11T01:50:10Z" duration-ms="10698" status="PASS">
          <reporter-output>
          </reporter-output>
        </test-method> <!-- setUp -->
        <test-method signature="validateCreateNewContact(java.lang.String, java.lang.String, java.lang.String, java.lang.String)[pri:4, instance:com.crm.qa.testcases.ContactsPageTest@2c1b194a]" started-at="2023-04-11T01:50:10Z" name="validateCreateNewContact" data-provider="getCRMTestData" finished-at="2023-04-11T01:50:13Z" duration-ms="3775" status="PASS">
          <params>
            <param index="0">
              <value>
                <![CDATA[Mr.]]>
              </value>
            </param>
            <param index="1">
              <value>
                <![CDATA[Harry]]>
              </value>
            </param>
            <param index="2">
              <value>
                <![CDATA[Washington]]>
              </value>
            </param>
            <param index="3">
              <value>
                <![CDATA[WorldBank]]>
              </value>
            </param>
          </params>
          <reporter-output>
          </reporter-output>
        </test-method> <!-- validateCreateNewContact -->
        <test-method is-config="true" signature="tearDown()[pri:0, instance:com.crm.qa.testcases.ContactsPageTest@2c1b194a]" started-at="2023-04-11T01:50:13Z" name="tearDown" finished-at="2023-04-11T01:50:14Z" duration-ms="167" status="PASS">
          <reporter-output>
          </reporter-output>
        </test-method> <!-- tearDown -->
        <test-method is-config="true" signature="setUp()[pri:0, instance:com.crm.qa.testcases.ContactsPageTest@2c1b194a]" started-at="2023-04-11T01:50:14Z" name="setUp" finished-at="2023-04-11T01:50:23Z" duration-ms="9608" status="PASS">
          <reporter-output>
          </reporter-output>
        </test-method> <!-- setUp -->
        <test-method signature="validateCreateNewContact(java.lang.String, java.lang.String, java.lang.String, java.lang.String)[pri:4, instance:com.crm.qa.testcases.ContactsPageTest@2c1b194a]" started-at="2023-04-11T01:50:23Z" name="validateCreateNewContact" data-provider="getCRMTestData" finished-at="2023-04-11T01:50:27Z" duration-ms="3731" status="PASS">
          <params>
            <param index="0">
              <value>
                <![CDATA[Dr.]]>
              </value>
            </param>
            <param index="1">
              <value>
                <![CDATA[Jacj]]>
              </value>
            </param>
            <param index="2">
              <value>
                <![CDATA[Trump]]>
              </value>
            </param>
            <param index="3">
              <value>
                <![CDATA[ISRO]]>
              </value>
            </param>
          </params>
          <reporter-output>
          </reporter-output>
        </test-method> <!-- validateCreateNewContact -->
        <test-method is-config="true" signature="tearDown()[pri:0, instance:com.crm.qa.testcases.ContactsPageTest@2c1b194a]" started-at="2023-04-11T01:50:27Z" name="tearDown" finished-at="2023-04-11T01:50:27Z" duration-ms="149" status="PASS">
          <reporter-output>
          </reporter-output>
        </test-method> <!-- tearDown -->
        <test-method is-config="true" signature="setUp()[pri:0, instance:com.crm.qa.testcases.ContactsPageTest@2c1b194a]" started-at="2023-04-11T01:50:27Z" name="setUp" finished-at="2023-04-11T01:50:37Z" duration-ms="9584" status="PASS">
          <reporter-output>
          </reporter-output>
        </test-method> <!-- setUp -->
        <test-method signature="validateCreateNewContact(java.lang.String, java.lang.String, java.lang.String, java.lang.String)[pri:4, instance:com.crm.qa.testcases.ContactsPageTest@2c1b194a]" started-at="2023-04-11T01:50:37Z" name="validateCreateNewContact" data-provider="getCRMTestData" finished-at="2023-04-11T01:50:40Z" duration-ms="3664" status="PASS">
          <params>
            <param index="0">
              <value>
                <![CDATA[Mr.]]>
              </value>
            </param>
            <param index="1">
              <value>
                <![CDATA[James]]>
              </value>
            </param>
            <param index="2">
              <value>
                <![CDATA[dravid]]>
              </value>
            </param>
            <param index="3">
              <value>
                <![CDATA[DanceByte]]>
              </value>
            </param>
          </params>
          <reporter-output>
          </reporter-output>
        </test-method> <!-- validateCreateNewContact -->
        <test-method is-config="true" signature="tearDown()[pri:0, instance:com.crm.qa.testcases.ContactsPageTest@2c1b194a]" started-at="2023-04-11T01:50:40Z" name="tearDown" finished-at="2023-04-11T01:50:40Z" duration-ms="151" status="PASS">
          <reporter-output>
          </reporter-output>
        </test-method> <!-- tearDown -->
      </class> <!-- com.crm.qa.testcases.ContactsPageTest -->
    </test> <!-- Default test -->
  </suite> <!-- Default suite -->
</testng-results>
